Args: Namespace(content_dir='/ingenuity_NAS/dataset/public/coco/images/train2017/', style_dir='/ingenuity_NAS/dataset/public/wikiart/', lr=0.0001, lr_decay=5e-05, style_weight=10.0, content_weight=1.0, n_threads=2, gamma=2.5, e=20, b=50, l='encoder.pth', s='decoder_g250_10k.pth', p='decoder_g250_10k.png', cuda='Y')
Cuda available:  True
COCO dataset length:  118287
Wikiart dataset length:  81556
First content image shape:  torch.Size([3, 256, 256])
First style image shape:  torch.Size([3, 256, 256])
Content Dataset length:  10000 , Style Dataset length:  10000
Batch size:  50
Content length:  10000  /  50  =  200
Style length:  10000  /  50  =  200
Device cuda
Epoch 1/20
Content Loss: 2.73, Style Loss: 8.40, Total Loss: 23.72

Time taken for epoch: 377.01 seconds

Epoch 2/20
Content Loss: 2.46, Style Loss: 2.98, Total Loss: 9.91

Time taken for epoch: 366.62 seconds

Epoch 3/20
Content Loss: 2.19, Style Loss: 2.10, Total Loss: 7.43

Time taken for epoch: 365.71 seconds

Epoch 4/20
Content Loss: 2.04, Style Loss: 1.71, Total Loss: 6.33

Time taken for epoch: 364.77 seconds

Epoch 5/20
Content Loss: 1.94, Style Loss: 1.54, Total Loss: 5.79

Time taken for epoch: 365.11 seconds

Epoch 6/20
Content Loss: 1.86, Style Loss: 1.40, Total Loss: 5.38

Time taken for epoch: 369.57 seconds

Epoch 7/20
Content Loss: 1.78, Style Loss: 1.31, Total Loss: 5.07

Time taken for epoch: 371.75 seconds

Epoch 8/20
Content Loss: 1.73, Style Loss: 1.26, Total Loss: 4.87

Time taken for epoch: 371.01 seconds

Epoch 9/20
Content Loss: 1.67, Style Loss: 1.17, Total Loss: 4.59

Time taken for epoch: 369.11 seconds

Epoch 10/20
Content Loss: 1.61, Style Loss: 1.11, Total Loss: 4.38

Time taken for epoch: 368.61 seconds

Epoch 11/20
Content Loss: 1.59, Style Loss: 1.09, Total Loss: 4.31

Time taken for epoch: 370.53 seconds

Epoch 12/20
Content Loss: 1.54, Style Loss: 1.04, Total Loss: 4.13

Time taken for epoch: 370.38 seconds

Epoch 13/20
Content Loss: 1.50, Style Loss: 1.01, Total Loss: 4.04

Time taken for epoch: 366.41 seconds

Epoch 14/20
Content Loss: 1.47, Style Loss: 0.98, Total Loss: 3.93

Time taken for epoch: 360.74 seconds

Epoch 15/20
Content Loss: 1.44, Style Loss: 0.94, Total Loss: 3.80

Time taken for epoch: 366.46 seconds

Epoch 16/20
Content Loss: 1.42, Style Loss: 0.94, Total Loss: 3.78

Time taken for epoch: 362.44 seconds

Epoch 17/20
Content Loss: 1.40, Style Loss: 0.92, Total Loss: 3.70

Time taken for epoch: 358.81 seconds

Epoch 18/20
Content Loss: 1.38, Style Loss: 0.91, Total Loss: 3.65

Time taken for epoch: 359.74 seconds

Epoch 19/20
Content Loss: 1.36, Style Loss: 0.87, Total Loss: 3.54

Time taken for epoch: 359.39 seconds

Epoch 20/20
Content Loss: 1.34, Style Loss: 0.89, Total Loss: 3.56

Time taken for epoch: 357.02 seconds

