Args: Namespace(content_dir='/ingenuity_NAS/dataset/public/coco/images/train2017/', style_dir='/ingenuity_NAS/dataset/public/wikiart/', lr=0.0001, lr_decay=5e-05, style_weight=10.0, content_weight=1.0, n_threads=2, gamma=1.6, e=20, b=50, l='encoder.pth', s='decoder_g160_10k.pth', p='decoder_g160_10k.png', cuda='Y')
Cuda available:  True
COCO dataset length:  118287
Wikiart dataset length:  81556
First content image shape:  torch.Size([3, 256, 256])
First style image shape:  torch.Size([3, 256, 256])
Content Dataset length:  10000 , Style Dataset length:  10000
Batch size:  50
Content length:  10000  /  50  =  200
Style length:  10000  /  50  =  200
Device cuda
Epoch 1/20
Content Loss: 2.73, Style Loss: 8.33, Total Loss: 16.05

Time taken for epoch: 451.11 seconds

Epoch 2/20
Content Loss: 2.36, Style Loss: 3.28, Total Loss: 7.61

Time taken for epoch: 436.38 seconds

Epoch 3/20
Content Loss: 2.09, Style Loss: 2.06, Total Loss: 5.38

Time taken for epoch: 438.09 seconds

Epoch 4/20
Content Loss: 1.92, Style Loss: 1.69, Total Loss: 4.62

Time taken for epoch: 434.41 seconds

Epoch 5/20
Content Loss: 1.81, Style Loss: 1.50, Total Loss: 4.21

Time taken for epoch: 433.50 seconds

Epoch 6/20
Content Loss: 1.73, Style Loss: 1.38, Total Loss: 3.93

Time taken for epoch: 437.53 seconds

Epoch 7/20
Content Loss: 1.67, Style Loss: 1.31, Total Loss: 3.77

Time taken for epoch: 438.27 seconds

Epoch 8/20
Content Loss: 1.61, Style Loss: 1.22, Total Loss: 3.56

Time taken for epoch: 441.14 seconds

Epoch 9/20
Content Loss: 1.57, Style Loss: 1.18, Total Loss: 3.45

Time taken for epoch: 437.61 seconds

Epoch 10/20
Content Loss: 1.53, Style Loss: 1.16, Total Loss: 3.39

Time taken for epoch: 438.94 seconds

Epoch 11/20
Content Loss: 1.50, Style Loss: 1.14, Total Loss: 3.32

Time taken for epoch: 438.28 seconds

Epoch 12/20
Content Loss: 1.47, Style Loss: 1.08, Total Loss: 3.20

Time taken for epoch: 437.74 seconds

Epoch 13/20
Content Loss: 1.44, Style Loss: 1.06, Total Loss: 3.14

Time taken for epoch: 438.37 seconds

Epoch 14/20
Content Loss: 1.41, Style Loss: 1.00, Total Loss: 3.01

Time taken for epoch: 441.75 seconds

Epoch 15/20
Content Loss: 1.38, Style Loss: 1.00, Total Loss: 2.98

Time taken for epoch: 437.35 seconds

Epoch 16/20
Content Loss: 1.37, Style Loss: 0.97, Total Loss: 2.92

Time taken for epoch: 437.69 seconds

Epoch 17/20
Content Loss: 1.34, Style Loss: 0.96, Total Loss: 2.87

Time taken for epoch: 439.07 seconds

Epoch 18/20
Content Loss: 1.32, Style Loss: 0.93, Total Loss: 2.82

Time taken for epoch: 434.12 seconds

Epoch 19/20
Content Loss: 1.31, Style Loss: 0.98, Total Loss: 2.87

Time taken for epoch: 431.42 seconds

Epoch 20/20
Content Loss: 1.28, Style Loss: 0.91, Total Loss: 2.74

Time taken for epoch: 438.70 seconds

