Args: Namespace(content_dir='/ingenuity_NAS/dataset/public/coco/images/train2017/', style_dir='/ingenuity_NAS/dataset/public/wikiart/', lr=0.0001, lr_decay=5e-05, style_weight=10.0, content_weight=1.0, n_threads=2, gamma=7.5, e=20, b=100, l='models/encoder.pth', s='decoder_g7.5_10k.pth', p='decoder_g7.5_10k.png', cuda='Y')
Cuda available:  True
COCO dataset length:  118287
Wikiart dataset length:  81556
First content image shape:  torch.Size([3, 256, 256])
First style image shape:  torch.Size([3, 256, 256])
Content Dataset length:  10000 , Style Dataset length:  10000
Batch size:  100
Content length:  10000  /  100  =  100
Style length:  10000  /  100  =  100
Device cuda
Epoch 1/20
Content Loss: 2.73, Style Loss: 10.26, Total Loss: 12.99

Time taken for epoch: 383.19 seconds

Epoch 2/20
Content Loss: 2.94, Style Loss: 5.29, Total Loss: 8.24

Time taken for epoch: 350.69 seconds

Epoch 3/20
Content Loss: 2.64, Style Loss: 2.88, Total Loss: 5.52

Time taken for epoch: 347.46 seconds

Epoch 4/20
Content Loss: 2.46, Style Loss: 2.18, Total Loss: 4.64

Time taken for epoch: 349.15 seconds

Epoch 5/20
Content Loss: 2.37, Style Loss: 1.88, Total Loss: 4.25

Time taken for epoch: 348.67 seconds

Epoch 6/20
Content Loss: 2.30, Style Loss: 1.70, Total Loss: 4.01

Time taken for epoch: 346.93 seconds

Epoch 7/20
Content Loss: 2.24, Style Loss: 1.59, Total Loss: 3.83

Time taken for epoch: 346.92 seconds

Epoch 8/20
Content Loss: 2.20, Style Loss: 1.45, Total Loss: 3.65

Time taken for epoch: 350.92 seconds

Epoch 9/20
Content Loss: 2.16, Style Loss: 1.39, Total Loss: 3.55

Time taken for epoch: 348.18 seconds

Epoch 10/20
Content Loss: 2.12, Style Loss: 1.33, Total Loss: 3.45

Time taken for epoch: 346.45 seconds

Epoch 11/20
Content Loss: 2.09, Style Loss: 1.28, Total Loss: 3.37

Time taken for epoch: 349.79 seconds

Epoch 12/20
Content Loss: 2.05, Style Loss: 1.22, Total Loss: 3.27

Time taken for epoch: 348.20 seconds

Epoch 13/20
Content Loss: 2.03, Style Loss: 1.18, Total Loss: 3.21

Time taken for epoch: 348.75 seconds

Epoch 14/20
Content Loss: 2.00, Style Loss: 1.14, Total Loss: 3.14

Time taken for epoch: 347.34 seconds

Epoch 15/20
Content Loss: 1.98, Style Loss: 1.11, Total Loss: 3.09

Time taken for epoch: 346.50 seconds

Epoch 16/20
Content Loss: 1.95, Style Loss: 1.09, Total Loss: 3.04

Time taken for epoch: 347.56 seconds

Epoch 17/20
Content Loss: 1.93, Style Loss: 1.10, Total Loss: 3.03

Time taken for epoch: 347.91 seconds

Epoch 18/20
Content Loss: 1.91, Style Loss: 1.03, Total Loss: 2.93

Time taken for epoch: 345.23 seconds

Epoch 19/20
Content Loss: 1.89, Style Loss: 1.00, Total Loss: 2.89

Time taken for epoch: 339.91 seconds

Epoch 20/20
Content Loss: 1.88, Style Loss: 1.00, Total Loss: 2.88

Time taken for epoch: 336.61 seconds

