Args: Namespace(content_dir='/ingenuity_NAS/dataset/public/coco/images/train2017/', style_dir='/ingenuity_NAS/dataset/public/wikiart/', lr=0.0001, lr_decay=5e-05, style_weight=10.0, content_weight=1.0, n_threads=2, gamma=0.15, e=20, b=20, l='encoder.pth', s='decoder_g015_10k.pth', p='decoder_g015_10k.png', cuda='Y')
Cuda available:  True
COCO dataset length:  118287
Wikiart dataset length:  81556
First content image shape:  torch.Size([3, 256, 256])
First style image shape:  torch.Size([3, 256, 256])
Content Dataset length:  10000 , Style Dataset length:  10000
Batch size:  20
Content length:  10000  /  20  =  500
Style length:  10000  /  20  =  500
Device cuda
Epoch 1/20
Content Loss: 1.90, Style Loss: 6.13, Total Loss: 2.82

Time taken for epoch: 366.31 seconds

Epoch 2/20
Content Loss: 1.25, Style Loss: 2.19, Total Loss: 1.58

Time taken for epoch: 368.23 seconds

Epoch 3/20
Content Loss: 1.06, Style Loss: 1.66, Total Loss: 1.31

Time taken for epoch: 368.78 seconds

Epoch 4/20
Content Loss: 0.96, Style Loss: 1.51, Total Loss: 1.19

Time taken for epoch: 367.67 seconds

Epoch 5/20
Content Loss: 0.90, Style Loss: 1.41, Total Loss: 1.11

Time taken for epoch: 370.43 seconds

Epoch 6/20
Content Loss: 0.85, Style Loss: 1.31, Total Loss: 1.05

Time taken for epoch: 370.75 seconds

Epoch 7/20
Content Loss: 0.82, Style Loss: 1.27, Total Loss: 1.01

Time taken for epoch: 371.02 seconds

Epoch 8/20
Content Loss: 0.80, Style Loss: 1.25, Total Loss: 0.98

Time taken for epoch: 367.82 seconds

Epoch 9/20
Content Loss: 0.78, Style Loss: 1.24, Total Loss: 0.97

Time taken for epoch: 370.08 seconds

Epoch 10/20
Content Loss: 0.76, Style Loss: 1.18, Total Loss: 0.93

Time taken for epoch: 370.02 seconds

Epoch 11/20
Content Loss: 0.74, Style Loss: 1.17, Total Loss: 0.92

Time taken for epoch: 371.04 seconds

Epoch 12/20
Content Loss: 0.73, Style Loss: 1.16, Total Loss: 0.90

Time taken for epoch: 368.14 seconds

Epoch 13/20
Content Loss: 0.72, Style Loss: 1.16, Total Loss: 0.89

Time taken for epoch: 369.07 seconds

Epoch 14/20
Content Loss: 0.71, Style Loss: 1.14, Total Loss: 0.88

Time taken for epoch: 371.47 seconds

Epoch 15/20
Content Loss: 0.70, Style Loss: 1.12, Total Loss: 0.87

Time taken for epoch: 369.62 seconds

Epoch 16/20
Content Loss: 0.69, Style Loss: 1.11, Total Loss: 0.86

Time taken for epoch: 371.38 seconds

Epoch 17/20
Content Loss: 0.68, Style Loss: 1.10, Total Loss: 0.85

Time taken for epoch: 371.80 seconds

Epoch 18/20
Content Loss: 0.68, Style Loss: 1.09, Total Loss: 0.84

Time taken for epoch: 370.00 seconds

Epoch 19/20
Content Loss: 0.67, Style Loss: 1.06, Total Loss: 0.83

Time taken for epoch: 370.89 seconds

Epoch 20/20
Content Loss: 0.66, Style Loss: 1.07, Total Loss: 0.82

Time taken for epoch: 371.33 seconds

