Args: Namespace(content_dir='/ingenuity_NAS/dataset/public/coco/images/train2017/', style_dir='/ingenuity_NAS/dataset/public/wikiart/', lr=0.0001, lr_decay=5e-05, style_weight=10.0, content_weight=1.0, n_threads=2, gamma=0.3, e=20, b=20, l='encoder.pth', s='decoder_g030_10k.pth', p='decoder_g030_10k.png', cuda='Y')
Cuda available:  True
COCO dataset length:  118287
Wikiart dataset length:  81556
First content image shape:  torch.Size([3, 256, 256])
First style image shape:  torch.Size([3, 256, 256])
Content Dataset length:  10000 , Style Dataset length:  10000
Batch size:  20
Content length:  10000  /  20  =  500
Style length:  10000  /  20  =  500
Device cuda
Epoch 1/20
Content Loss: 2.08, Style Loss: 5.79, Total Loss: 3.82

Time taken for epoch: 368.62 seconds

Epoch 2/20
Content Loss: 1.49, Style Loss: 2.21, Total Loss: 2.15

Time taken for epoch: 367.26 seconds

Epoch 3/20
Content Loss: 1.28, Style Loss: 1.75, Total Loss: 1.80

Time taken for epoch: 370.32 seconds

Epoch 4/20
Content Loss: 1.15, Style Loss: 1.53, Total Loss: 1.61

Time taken for epoch: 369.12 seconds

Epoch 5/20
Content Loss: 1.05, Style Loss: 1.37, Total Loss: 1.46

Time taken for epoch: 370.51 seconds

Epoch 6/20
Content Loss: 0.99, Style Loss: 1.29, Total Loss: 1.38

Time taken for epoch: 369.84 seconds

Epoch 7/20
Content Loss: 0.95, Style Loss: 1.23, Total Loss: 1.32

Time taken for epoch: 371.36 seconds

Epoch 8/20
Content Loss: 0.91, Style Loss: 1.19, Total Loss: 1.27

Time taken for epoch: 371.55 seconds

Epoch 9/20
Content Loss: 0.89, Style Loss: 1.13, Total Loss: 1.23

Time taken for epoch: 369.89 seconds

Epoch 10/20
Content Loss: 0.87, Style Loss: 1.13, Total Loss: 1.21

Time taken for epoch: 370.80 seconds

Epoch 11/20
Content Loss: 0.85, Style Loss: 1.11, Total Loss: 1.18

Time taken for epoch: 372.31 seconds

Epoch 12/20
Content Loss: 0.82, Style Loss: 1.06, Total Loss: 1.14

Time taken for epoch: 369.62 seconds

Epoch 13/20
Content Loss: 0.81, Style Loss: 1.05, Total Loss: 1.12

Time taken for epoch: 371.17 seconds

Epoch 14/20
Content Loss: 0.79, Style Loss: 1.02, Total Loss: 1.10

Time taken for epoch: 371.56 seconds

Epoch 15/20
Content Loss: 0.79, Style Loss: 1.02, Total Loss: 1.09

Time taken for epoch: 371.47 seconds

Epoch 16/20
Content Loss: 0.77, Style Loss: 0.99, Total Loss: 1.07

Time taken for epoch: 370.30 seconds

Epoch 17/20
Content Loss: 0.76, Style Loss: 0.99, Total Loss: 1.06

Time taken for epoch: 369.84 seconds

Epoch 18/20
Content Loss: 0.76, Style Loss: 0.98, Total Loss: 1.05

Time taken for epoch: 370.74 seconds

Epoch 19/20
Content Loss: 0.75, Style Loss: 0.98, Total Loss: 1.05

Time taken for epoch: 372.40 seconds

Epoch 20/20
Content Loss: 0.74, Style Loss: 0.96, Total Loss: 1.03

Time taken for epoch: 370.42 seconds

